2011.03.14-11.33,32	intergossip	Quixadhal@Bloodlines	http://www.youtube.com/watch?v=zf2aIVKp1OY
2011.03.14-11.33,33	intergossip	Sys@BlackHole	the jokes on you then for thinking the composers choice of tools limits thier output
2011.03.14-11.36,48	intergossip	Zaphod@Dead Souls Dev	I think I'd rather be watching tennis
2011.03.14-11.36,56	intergossip	Zaphod@Dead Souls Dev	why am I watching this again?
2011.03.14-11.37,15	intergossip	Quixadhal@Bloodlines	You don't like classical music Zaphod?
2011.03.14-11.37,29	intergossip	Zaphod@Dead Souls Dev	duran duran is classical music?
2011.03.14-11.37,37	intergossip	Kalinash@Dead Souls Dev	durian durian
2011.03.14-11.37,48	intergossip	Quixadhal@Bloodlines	No, but the last one I linked is. :)
2011.03.14-11.37,57	intergossip	Sys@BlackHole	you do realise Apoclyptica formed in 1993 don't you Quix
2011.03.14-11.38,29	intergossip	Zaphod@Dead Souls Dev	"classical
2011.03.14-11.38,30	intergossip	Sys@BlackHole	hoist own petard
2011.03.14-11.38,31	intergossip	Zaphod@Dead Souls Dev	"
2011.03.14-11.38,32	intergossip	Quixadhal@Bloodlines	Yes, and they're playing music from quite a ways before that.  Not sure what Grieg's lifespan was.
2011.03.14-11.38,58	intergossip	Quixadhal@Bloodlines	Metallica is an 80's band though, and that's what they started out doing.
2011.03.14-11.39,25	intergossip	Zaphod@Dead Souls Dev	premiered on 1876
2011.03.14-11.39,32	intergossip	Zaphod@Dead Souls Dev	little late for the classical period
2011.03.14-11.39,44	intergossip	Quixadhal@Bloodlines	Well, technically they started out doing just classical music and played Metallica for fun, but the Metallica is what they became known for.
2011.03.14-11.40,02	intergossip	Kalinash@Dead Souls Dev	Try to find a copy of this: http://bit.ly/erZeY9
2011.03.14-11.40,02	intergossip	Zaphod@Dead Souls Dev	greig is romantic
2011.03.14-11.40,12	intergossip	Sys@BlackHole	you might fancy him
2011.03.14-11.40,13	intergossip	Zaphod@Dead Souls Dev	not classical
2011.03.14-11.41,27	intergossip	Quixadhal@Bloodlines	http://www.youtube.com/watch?v=_VhOGVwuVt8
2011.03.14-11.41,40	intergossip	Sys@BlackHole	I would like a copy of that Kali
2011.03.14-11.41,54	intergossip	Kalinash@Dead Souls Dev	it's excellent.  it's best on vinyl if you can get it
2011.03.14-11.42,30	intergossip	Kalinash@Dead Souls Dev	the vcs-3 is such a great sound
2011.03.14-11.42,52	intergossip	Sys@BlackHole	yeah fat analogue goodness
2011.03.14-11.43,13	intergossip	Zaphod@Dead Souls Dev	they used to call me that
2011.03.14-11.44,40	intergossip	Kalinash@Dead Souls Dev	http://www.classitronic.net/blog/wp-content/uploads/2009/07/vcs-3.jpg
2011.03.14-11.44,55	intergossip	Kalinash@Dead Souls Dev	i'd kill a brit for that
2011.03.14-11.45,11	intergossip	Sys@BlackHole	you'd have to kill a few, we don't all got em
2011.03.14-11.45,54	intergossip	Kalinash@Dead Souls Dev	i can live with that
2011.03.14-11.46,02	intergossip	Quixadhal@Bloodlines	Damn low drop rates.
2011.03.14-11.48,31	intergossip	Zaphod@Dead Souls Dev	right in the ear
2011.03.14-11.50,34	intergossip	Zaphod@Dead Souls Dev	these songs are all dumb
2011.03.14-11.51,16	intergossip	Sys@BlackHole	http://www.frogsrecords.co.uk/content/downloads/video/JaviyLucy/05%20-%20La%20Duda.mpa
2011.03.14-11.51,19	intergossip	Zaphod@Dead Souls Dev	def lepard's on next
2011.03.14-11.51,21	intergossip	Sys@BlackHole	http://bit.ly/eBBKc3
2011.03.14-11.51,54	intergossip	Zaphod@Dead Souls Dev	good thing I'm unemployed or I'd be missing all this
2011.03.14-11.54,45	intergossip	Zaphod@Dead Souls Dev	guess rio was too hard for the drummer for this show
2011.03.14-11.54,53	intergossip	Zaphod@Dead Souls Dev	they shoulda hired the crat
2011.03.14-11.56,31	intergossip	Kalinash@Dead Souls Dev	crat scratch fever
2011.03.14-11.56,54	intergossip	Zaphod@Dead Souls Dev	I thought I had a cream for that
2011.03.14-11.57,07	intergossip	Sys@BlackHole	http://bit.ly/euiJrH  < hows this for complexity and style Quix?
2011.03.14-12.05,59	intergossip	Sys@BlackHole	and how's this for drumming http://www.youtube.com/watch?v=_oD3pbOBP50
2011.03.14-12.07,42	intergossip	Sinistrad@Dead Souls Dev	I started saying noglaf a while back, Sys
2011.03.14-12.07,57	intergossip	Sinistrad@Dead Souls Dev	though it's lacking the "noo" sound the other one has
2011.03.14-12.08,30	intergossip	Sys@BlackHole	I am aware of this sinis, not evryone else is it would seem
2011.03.14-12.10,09	intergossip	Kalinash@Dead Souls Dev	Valar morghulis
2011.03.14-12.10,26	intergossip	Sys@BlackHole	I particaularly like this one, "Ostrich hunting"
2011.03.14-12.11,05	intergossip	Sinistrad@Dead Souls Dev	eh, I wish they'd continue with the apprentice story
2011.03.14-12.11,14	intergossip	Sinistrad@Dead Souls Dev	I don't mind the side stuff, but the last two haven't been superfuney
2011.03.14-12.11,37	intergossip	Kalinash@Dead Souls Dev	arya is a bad girl
2011.03.14-12.11,45	intergossip	Kalinash@Dead Souls Dev	i bet she turns into an assassin
2011.03.14-12.12,24	intergossip	Sys@BlackHole	wasn't that the apprentice tied up in the 'Meanwhile' link?
2011.03.14-12.13,50	bsg	Sinistrad@Dead Souls Dev	yoo hoo
2011.03.14-12.13,55	bsg	Kalinash@Dead Souls Dev	ohai
2011.03.14-12.14,02	intergossip	Sinistrad@Dead Souls Dev	oh I missed that link
2011.03.14-12.14,17	bsg	Sinistrad@Dead Souls Dev	get to the gods damned end of that book already 'cause you're gonna spew
2011.03.14-12.14,26	bsg	Kalinash@Dead Souls Dev	just a few chapters left to go
2011.03.14-12.14,35	bsg	Kalinash@Dead Souls Dev	valar morkalis
2011.03.14-12.14,38	intergossip	Sys@BlackHole	np hand
2011.03.14-12.14,50	bsg	Sinistrad@Dead Souls Dev	Arya rocks
2011.03.14-12.15,14	bsg	Kalinash@Dead Souls Dev	she finally got her needle back :)
2011.03.14-12.15,26	intergossip	Sys@BlackHole	see rok b7 should have stuff like this http://www.youtube.com/watch?v=hNl60EW7XuY to really test crat
2011.03.14-12.15,40	intergossip	Kalinash@Dead Souls Dev	fuck crat. he's a pussy.
2011.03.14-12.16,52	bsg	Kalinash@Dead Souls Dev	i loved how she went ape shit killing the tickler
2011.03.14-12.17,25	intergossip	Sys@BlackHole	ok so someone did it already http://www.youtube.com/watch?v=SG8mCipGra8
2011.03.14-12.19,22	intergossip	Quixadhal@Bloodlines	Heh, reminds me of http://www.youtube.com/watch?v=GygI_cvsGmk
2011.03.14-12.21,58	intergossip	Sys@BlackHole	and not set of listening to V snares would b ecomplete without http://www.youtube.com/watch?v=NOqcdiwjnSE
2011.03.14-12.22,04	intergossip	Sys@BlackHole	s/not/no/
2011.03.14-12.22,09	intergossip	Kalinash@Dead Souls Dev	snot
2011.03.14-12.22,20	intergossip	Sys@BlackHole	Sys@BlackHole blows snot all over the place.
2011.03.14-12.28,41	intergossip	Ninja@Dead Souls Dev	snot funny.
2011.03.14-12.36,25	intergossip	Kalinash@Dead Souls Dev	that's snot funny
2011.03.14-12.37,36	intergossip	Sys@BlackHole	snot snot funny
2011.03.14-12.38,51	intergossip	Ninja@Dead Souls Dev	s!
2011.03.14-12.42,54	dchat	Kalinash@Dead Souls Dev	If you.re good at something, never do it for free.
2011.03.14-12.43,22	dchat	Drakkos@Epitaph	Prostitution isn't legal where I am though.
2011.03.14-12.43,51	dchat	Kalinash@Dead Souls Dev	so you're good at selling women an hour at a time?
2011.03.14-12.44,50	dchat	Detah@Dead Souls Dev	Drakkos just got put on the naughty list. No Santa visit again this year. *super sad face*
2011.03.14-12.45,07	intergossip	Sys@BlackHole	that's pimping Kali
2011.03.14-12.45,10	intergossip	Sys@BlackHole	mis
2011.03.14-12.45,14	dchat	Sys@BlackHole	that's pimping Kali
2011.03.14-12.45,30	dchat	Sys@BlackHole	Drakkos is good at renting his own assets
2011.03.14-12.45,49	dchat	Drakkos@Epitaph	On a time-limited, non-refundable basis
2011.03.14-12.45,50	dchat	Sys@BlackHole	-ets
2011.03.14-12.46,09	dchat	Kalinash@Dead Souls Dev	you just gave me a waking nightmare
2011.03.14-12.46,27	dchat	Drakkos@Epitaph	Man, did I read that wrong the first time or what
2011.03.14-12.47,03	dchat	Ninja@Dead Souls Dev	took me THREE times to read it wrong.
2011.03.14-12.47,20	dchat	Drakkos@Epitaph	That's your mind trying to protect you
2011.03.14-12.47,44	dchat	Kalinash@Dead Souls Dev	but it's kentucky blue grass!
2011.03.14-12.47,48	dchat	Kalinash@Dead Souls Dev	mis
2011.03.14-12.47,57	dchat	Ninja@Dead Souls Dev	hate it when it does that.
2011.03.14-12.48,08	dchat	Sys@BlackHole	dchat punish it with alocohol
2011.03.14-12.48,09	dchat	Detah@Dead Souls Dev	just because there is a demand curve for something, doesnt mean there is a market for it. I'd like to know how many blades of grass are in my backyard. Doesnt mean someone is going to create a machine which can count them and be able to sell that service at a profit.
2011.03.14-12.48,25	dchat	Kalinash@Dead Souls Dev	alcohol is never a punishment
2011.03.14-12.48,45	dchat	Sys@BlackHole	don't do a lot for yer mind
2011.03.14-12.48,46	dchat	Ploosk@Epitaph	I'm not sure 'you wanting to know how many blades of grass' there are counts as a demand, really
2011.03.14-12.48,58	dchat	Sys@BlackHole	4786
2011.03.14-12.49,19	dchat	Kalinash@Dead Souls Dev	that's a big yard for a boat
2011.03.14-12.49,29	dchat	Sys@BlackHole	not mine, Detah's
2011.03.14-12.49,45	dchat	Ninja@Dead Souls Dev	for sys, that's easy.
2011.03.14-12.49,50	dchat	Detah@Dead Souls Dev	it does, P. a demand curve is simply the set of quantities for which you would buy a given good/service for a range of prices.
2011.03.14-12.49,57	dchat	Ninja@Dead Souls Dev	when ya live on a boat, ain't much grass in yer backyard.
2011.03.14-12.50,07	dchat	Sys@BlackHole	pends where the boat is
2011.03.14-12.50,19	dchat	Ninja@Dead Souls Dev	true dat.
2011.03.14-12.50,23	dchat	Sys@BlackHole	how much would you be willing to pay for an accurate answer tho Detah?
2011.03.14-12.50,32	dchat	Detah@Dead Souls Dev	that count might be a bit high, S. you should not count the weeds. *frown*
2011.03.14-12.50,46	dchat	Kalinash@Dead Souls Dev	like this one? http://bit.ly/fDm1n6
2011.03.14-12.50,51	dchat	Sys@BlackHole	mmm weed mmm
2011.03.14-12.50,53	dchat	Detah@Dead Souls Dev	I might pay 2 cents.
2011.03.14-12.51,03	dchat	Sys@BlackHole	that's a pretty shallow demand curve
2011.03.14-12.51,25	dchat	Detah@Dead Souls Dev	its more than I would pay for a toothpick.
2011.03.14-12.51,32	dchat	Ninja@Dead Souls Dev	how much would one pay for an App that displays a pretty ruby?
2011.03.14-12.51,52	dchat	Sys@BlackHole	toothpicks are pretty easy to make and a lot of people want em
2011.03.14-12.52,12	dchat	Sys@BlackHole	I don't pay for apps
2011.03.14-12.52,20	dchat	Kalinash@Dead Souls Dev	i'd pay a neighborhood kid $5 to count my grass manually
2011.03.14-12.52,24	dchat	Sys@BlackHole	I know coders, they don't deserve paying
2011.03.14-12.52,53	dchat	Sys@BlackHole	fer $$5 I'd count some of your grass
2011.03.14-12.53,10	dchat	Drakkos@Epitaph	I would pay money for a device that I could point at a cardigan and get an accurate tog rating for it.
2011.03.14-12.53,13	dchat	Sys@BlackHole	like maybe the blades ina square foot and guesstimate from there
2011.03.14-12.53,19	dchat	Ploosk@Epitaph	how much would you pay, D?
2011.03.14-12.53,29	dchat	Drakkos@Epitaph	Perhaps several pounds
2011.03.14-12.53,32	dchat	Ploosk@Epitaph	Dr, even, to disambiguate.
2011.03.14-12.54,06	dchat	Kalinash@Dead Souls Dev	5 double dollars?? are you kidding?
2011.03.14-12.54,47	dchat	Detah@Dead Souls Dev	like I said, just because there's demand, doesnt mean there is a market.
2011.03.14-12.54,49	dchat	Sys@BlackHole	http://catalogue.nla.gov.au/Record/290172 might help Drakkos
2011.03.14-12.55,01	dchat	Sys@BlackHole	yes Kali yes I am
2011.03.14-12.55,43	dchat	Sys@BlackHole	or http://www.westek.com.mx/catalog/telas/m259.htm
2011.03.14-12.56,03	dchat	Sys@BlackHole	you need a device that weighs 220lb to measure tog?
2011.03.14-12.56,08	dchat	Sys@BlackHole	Sys@BlackHole boggles a bit
2011.03.14-12.56,24	intergossip	Jandice@SithWars	Good news everyone! You just read this in Professor Farnsworths voice.
2011.03.14-12.56,29	dchat	Kalinash@Dead Souls Dev	Kalinash@Dead Souls Dev scrabbles a bit.
2011.03.14-12.56,48	intergossip	Ploosk@Epitaph	That tends to work better when accompanied by a picture :p
2011.03.14-12.56,57	dchat	Detah@Dead Souls Dev	I just surveyed my yard 2 days ago, while the kids were out playing. It's a 1 on a 10 pt scale. huge patches of completely dead grass. The combination of a harsh winter, plus crazy amounts of rain in Feb & Mar have probably permanently destroyed my yard. I am seriously considering, doing nothing about it, and enjoying mowing less.
2011.03.14-12.56,57	intergossip	Jandice@SithWars	I know :p
2011.03.14-12.57,20	intergossip	Jandice@SithWars	but I didn't think it would work, most people on here don't go to links posted on I3
2011.03.14-12.57,27	dchat	Kalinash@Dead Souls Dev	get a fake yard
2011.03.14-12.57,34	intergossip	Ploosk@Epitaph	I did read the second half in the voice, though
2011.03.14-12.57,38	dchat	Kalinash@Dead Souls Dev	or do what my wife wants... pave it and paint it green
2011.03.14-12.57,55	dchat	Detah@Dead Souls Dev	I visited Phoenix AZ a few years ago. They have gravel yards there. Which is intriguing on many levels.
2011.03.14-12.58,18	dchat	Detah@Dead Souls Dev	just rake it every few weeks.
2011.03.14-12.58,29	intergossip	Sys@BlackHole	what's a Professor Farnsworth?
2011.03.14-12.58,38	intergossip	Ploosk@Epitaph	The professor from Futurama
2011.03.14-12.58,49	intergossip	Sys@BlackHole	the lobstery one?
2011.03.14-12.58,55	intergossip	Ploosk@Epitaph	No, the old guy
2011.03.14-12.59,06	dchat	Detah@Dead Souls Dev	creates some fun possibilities for holidays like Halloween and Christmas. you could draw stuff in the rocks.
2011.03.14-12.59,28	intergossip	Sys@BlackHole	hmm (nts: watch more futurama to avoid embrassing gaps in cultural knowledge)
2011.03.14-12.59,51	intergossip	Sys@BlackHole	Forest Garden
2011.03.14-12.59,54	intergossip	Sys@BlackHole	mischan
2011.03.14-12.59,59	dchat	Sys@BlackHole	Forest Garden
2011.03.14-13.00,08	dchat	Kalinash@Dead Souls Dev	artificial turf
2011.03.14-13.00,40	dchat	Sys@BlackHole	http://www.spiralseed.co.uk/forestgarden/ lemurs in your yard!!!!
2011.03.14-13.01,31	dchat	Detah@Dead Souls Dev	uh oh. the people across the hall just got upgraded to Win7. I fear theyre gonna make me upgrade soon too. Upgrades: when you really really want to throw away a month of actual productive worktime.
2011.03.14-13.05,50	dchat	Kalinash@Dead Souls Dev	but you're in gov't work... you can stretch that to 3 easily
2011.03.14-13.23,09	intergossip	Sinistrad@Dead Souls Dev	I read the first part in Farnsworth's voice
2011.03.14-13.23,12	intergossip	Sinistrad@Dead Souls Dev	spot on
2011.03.14-13.23,17	intergossip	Sinistrad@Dead Souls Dev	great use of Futurama font
2011.03.14-13.34,33	intergossip	Scoyn@SithWars	Electronics
2011.03.14-13.34,36	intergossip	Scoyn@SithWars	Er
2011.03.14-13.35,36	intergossip	Sys@BlackHole	Electrickery
2011.03.14-13.35,45	intergossip	Sys@BlackHole	Um
2011.03.14-14.11,42	intergossip	Tim@TimMUD	I should probably fix up channel stuff on here, bleh
2011.03.14-14.15,48	intergossip	Sys@BlackHole	on here?
2011.03.14-14.16,17	intergossip	Tim@TimMUD	on TimMUD, but maybe on here
2011.03.14-14.16,18	intergossip	Sys@BlackHole	but this is intergossip where people bitch, moan, whine and rip the piss outta each other
2011.03.14-14.20,01	intergossip	Sinistrad@Dead Souls Dev	we also laugh, love, and enjoy each other's witty banter
2011.03.14-14.20,06	intergossip	Sinistrad@Dead Souls Dev	glass half full, my friend
2011.03.14-14.20,30	intergossip	Sys@BlackHole	realism vs fantasm, I think you'll find
2011.03.14-14.20,32	intergossip	Tim@TimMUD	TimMUD was up for 19 weeks so far, and I think I commented out my channel-unlistening thing so that my MUD would continue to listen even if I log out, but I wasn't seeing messages from this channel until I typed something just now
2011.03.14-14.20,40	intergossip	Sinistrad@Dead Souls Dev	phantasm of the opray
2011.03.14-14.21,26	intergossip	Tim@TimMUD	7 years ago, I foresaw this day, which is why the server sent me this... I3 Error from *i4: Your mud wasn't listening to imud_gossip, so I'll start you listening right now.
2011.03.14-14.22,03	intergossip	Tim@TimMUD	I thought "I'll put this line here in case retards connect and don't do their listening stuff right"
2011.03.14-14.22,32	intergossip	Sinistrad@Dead Souls Dev	irony
2011.03.14-14.24,38	dchat	Sys@BlackHole	http://bit.ly/gAopyr
2011.03.14-14.26,53	intergossip	Tim@TimMUD	actually, my imud_gossip backlog was totally empty too, which means the MUD wasn't listening to it at all since last time it started up... it's not like the server dropped it after a month or something... I wonder if I commented out some of the listening stuff a long time ago and forgot
2011.03.14-14.30,57	intergossip	Ninja@Dead Souls Dev	hey, this channel is working again? yay!
2011.03.14-14.31,04	intergossip	Sys@BlackHole	wut
2011.03.14-14.31,11	intergossip	Sys@BlackHole	no it isn't
2011.03.14-14.31,22	intergossip	Wodan@Discworld	this channel never works
2011.03.14-14.31,27	intergossip	Ninja@Dead Souls Dev	oh, darn.  any work when it'll be back on?
2011.03.14-14.31,35	intergossip	Sys@BlackHole	Christmas
2011.03.14-14.31,41	intergossip	Kalinash@Dead Souls Dev	this channel doesn't even exist
2011.03.14-14.31,43	intergossip	Riek@SithWars	Working as intended.
2011.03.14-14.31,43	intergossip	Ninja@Dead Souls Dev	so, 2 more weeks?
2011.03.14-14.31,57	intergossip	Sys@BlackHole	ayup and 7 years
2011.03.14-14.48,31	dchat	Hamlet@WWC	you know how the titles of windows get clipped on the taskbar?  one of mine says, "Jiffy Lube 84 ARSE..."
2011.03.14-14.48,34	dchat	Hamlet@WWC	that can't be good.
2011.03.14-14.54,12	dchat	Kalinash@Dead Souls Dev	or it could be REALLY good
2011.03.14-14.54,44	dchat	Hamlet@WWC	what, depending upon your perspective?  I guess my perspective says that's a bit scary.
2011.03.14-14.55,30	dchat	Kalinash@Dead Souls Dev	you're not a proctologist
2011.03.14-14.55,43	dchat	Hamlet@WWC	no, I'm really not.
2011.03.14-14.57,47	dchat	Kalinash@Dead Souls Dev	well, maybe amateur
2011.03.14-14.57,59	dchat	Hamlet@WWC	aren't we all amateur proctologists?
2011.03.14-15.00,26	dchat	Kalinash@Dead Souls Dev	no... i'm an amateur gynacologist
2011.03.14-15.01,19	dchat	Detah@Arcania	woohoo. early release from work day
2011.03.14-15.01,41	dchat	Hamlet@WWC	going on strike?
2011.03.14-15.01,53	dchat	Kalinash@Dead Souls Dev	nah, the ditch is dug
2011.03.14-15.02,24	dchat	Kayle@SithWars	http://www.youtube.com/watch?v=qkHxDZGSM7E  SFW, and just plain Crazy.
2011.03.14-15.02,28	dchat	Detah@Arcania	I was able to saw thru the chains early today.
2011.03.14-15.03,02	dchat	Hamlet@WWC	impressive.  those supplements are really helping you.
2011.03.14-15.05,35	dchat	Sys@BlackHole	http://www.gatrell.org/ep.png
2011.03.14-15.09,39	dchat	Detah@Arcania	is that the directionally challenged research facility?
2011.03.14-15.09,54	dchat	Corvus@BoNMud	I broke my workshop, lol.
2011.03.14-15.10,20	dchat	Corvus@BoNMud	It become pretty angry face when I go to it, but all seems normal when I look around.
2011.03.14-15.16,58	dchat	Hamlet@WWC	I think living rooms are a great idea.  nice work.
2011.03.14-15.21,07	dchat	Sys@BlackHole	it's CERN I'm not sure if the sign isn't a potatoeshop tho
2011.03.14-15.21,18	intergossip	Quixadhal@Bloodlines	This channel -> http://www.youtube.com/watch?v=Bu3FuEiopJ0
2011.03.14-15.22,37	intergossip	Kayle@SithWars	Looks like Hippies?
2011.03.14-15.27,04	intergossip	Kalinash@Dead Souls Dev	fuken hippies :(
2011.03.14-15.28,31	intergossip	Quixadhal@Bloodlines	I blame Mexico, for using trebuchets to launch weed bombs into the US.
2011.03.14-15.32,35	intergossip	Sys@BlackHole	best used I ver heard of for a trebuchet
2011.03.14-15.33,02	intergossip	Sys@BlackHole	and there's non-hippies who smoke weed
2011.03.14-15.36,59	dchat	Hamlet@WWC	you're not cerntain the sign wasn't a fake?
2011.03.14-15.39,13	dchat	Cratylus@Dead Souls Dev	it could be that impish physicist humor
2011.03.14-15.39,30	dchat	Hamlet@WWC	crazy physicists.
