
NEW SESSION: 2011.08.21-15.58,13
xkcdiff 2011.08.21-15.58,14: crawl bot@delete.me
xkcdiff 2011.08.21-15.58,14: [2K[20;1H[2Kxkcdiff 2011.08.21-15.58,14: You are too tired to crawl anywhere right now.[0m[0m
[1;33mhp: [0m195/390  [34mmp: [0m234/780  [32msp: [31m0[0m/387 > xkcdiff 2011.08.21-15.58,14: get all
xkcdiff 2011.08.21-15.58,14: [2K[20;1H[2Kxkcdiff 2011.08.21-15.58,14: It's too big![0m[0m
[1;33mhp: [0m195/390  [34mmp: [0m234/780  [32msp: [31m0[0m/387 > xkcdiff 2011.08.21-15.58,19: crawl bot@delete.me
xkcdiff 2011.08.21-15.58,19: [2K[20;1H[2Kxkcdiff 2011.08.21-15.58,19: You are too tired to crawl anywhere right now.[0m[0m
[1;33mhp: [0m195/390  [34mmp: [0m234/780  [32msp: [31m0[0m/387 > xkcdiff 2011.08.21-15.58,19: get all
xkcdiff 2011.08.21-15.58,19: [2K[20;1H[2Kxkcdiff 2011.08.21-15.58,19: It's too big![0m[0m
[1;33mhp: [0m195/390  [34mmp: [0m234/780  [32msp: [31m0[0m/387 > 
2011.08.21-15.58,23
xkcdiff 2011.08.21-15.58,24: crawl bot@delete.me
xkcdiff 2011.08.21-15.58,24: [2K[20;1H[2Kxkcdiff 2011.08.21-15.58,24: You are too tired to crawl anywhere right now.[0m[0m
[1;33mhp: [0m195/390  [34mmp: [0m234/780  [32msp: [31m0[0m/387 > xkcdiff 2011.08.21-15.58,24: get all
stand up
xkcdiff 2011.08.21-15.58,24: [2K[20;1H[2Kxkcdiff 2011.08.21-15.58,24: It's too big![0m[0m
[1;33mhp: [0m195/390  [34mmp: [0m234/780  [32msp: [31m0[0m/387 > xkcdiff 2011.08.21-15.58,24: [2K[20;1H[2Kxkcdiff 2011.08.21-15.58,24: You cannot do anything.[0m[0m
[1;33mhp: [0m195/390  [34mmp: [0m234/780  [32msp: [31m0[0m/387 > xkcdiff 2011.08.21-15.58,28: [2K[20;1H[2Kxkcdiff 2011.08.21-15.58,28: Autosaving...[0m[0m
[1;33mhp: [0m195/390  [34mmp: [0m234/780  [32msp: [31m0[0m/387 > xkcdiff 2011.08.21-15.58,28: who
xkcdiff 2011.08.21-15.58,28: [2K[20;1H[2Kxkcdiff 2011.08.21-15.58,28:                                    Bloodlines                                  [0m
*=*=*=*=*=*=*=*=*=*=*=*=*=*=*=*=*=*=*=*=*=*=*=*=*=*=*=*=*=*=*=*=*=*=*=*=*=*=*=*[0m
[[34mARCH[0m][[1;33mELDER[0m]:  Dread Quixadhal the lazy[0m[0m[0m
[1]:  Blarghy the unaccomplished[0m ([1;33midle[0m)[0m[0m
[1]:  Xkcdabfddgf the unaccomplished[0m ([31mcombat[0m)[0m[0m
[1]:  Xkcdboajefndgm the unaccomplished[0m[0m[0m
[1]:  Xkcdiff the unaccomplished[0m[0m[0m
[1]:  Xkcdjkf the unaccomplished[0m[0m[0m
[1]:  Xkcdlfeh the unaccomplished[0m[0m[0m
[1]:  Xkcdnfikhkbhj the unaccomplished[0m[0m[0m
*=*=*=*=*=*=*=*=*=*=*=*=*=*=*=*=*=*=*=*=*=*=*=*=*=*=*=*=*=*=*=*=*=*=*=*=*=*=*=*[0m
                    There are eight members of our reality.[0m
[0m[0m
[1;33mhp: [0m195/390  [34mmp: [0m234/780  [32msp: [31m0[0m/387 > xkcdiff 2011.08.21-15.58,29: crawl bot@delete.me
xkcdiff 2011.08.21-15.58,29: [2K[20;1H[2Kxkcdiff 2011.08.21-15.58,29: You are too tired to crawl anywhere right now.[0m[0m
[1;33mhp: [0m195/390  [34mmp: [0m234/780  [32msp: [31m0[0m/387 > xkcdiff 2011.08.21-15.58,29: get all
xkcdiff 2011.08.21-15.58,29: [2K[20;1H[2Kxkcdiff 2011.08.21-15.58,29: It's too big![0m[0m
[1;33mhp: [0m195/390  [34mmp: [0m234/780  [32msp: [31m0[0m/387 > xkcdiff 2011.08.21-15.58,34: crawl bot@delete.me
xkcdiff 2011.08.21-15.58,34: [2K[20;1H[2Kxkcdiff 2011.08.21-15.58,34: You are too tired to crawl anywhere right now.[0m[0m
[1;33mhp: [0m195/390  [34mmp: [0m234/780  [32msp: [31m0[0m/387 > xkcdiff 2011.08.21-15.58,34: get all
xkcdiff 2011.08.21-15.58,34: [2K[20;1H[2Kxkcdiff 2011.08.21-15.58,34: It's too big![0m[0m
[1;33mhp: [0m195/390  [34mmp: [0m234/780  [32msp: [31m0[0m/387 > xkcdiff 2011.08.21-15.58,39: crawl bot@delete.me
xkcdiff 2011.08.21-15.58,39: [2K[20;1H[2Kxkcdiff 2011.08.21-15.58,39: You are too tired to crawl anywhere right now.[0m[0m
[1;33mhp: [0m195/390  [34mmp: [0m234/780  [32msp: [31m0[0m/387 > xkcdiff 2011.08.21-15.58,39: get all
xkcdiff 2011.08.21-15.58,39: [2K[20;1H[2Kxkcdiff 2011.08.21-15.58,39: It's too big![0m[0m
[1;33mhp: [0m195/390  [34mmp: [0m234/780  [32msp: [31m0[0m/387 > 